# JRE version: Java(TM) SE Runtime Environment (8.0_20-b26) (build 1.8.0_20-b26)
# Java VM: Java HotSpot(TM) 64-Bit Server VM (25.20-b23 mixed mode bsd-amd64 compressed oops)
Heap:
 PSYoungGen      total 26624K, used 2080K [0x0000000795580000, 0x0000000797300000, 0x00000007c0000000)
  eden space 24064K, 7% used [0x0000000795580000,0x0000000795760328,0x0000000796d00000)
  from space 2560K, 6% used [0x0000000797080000,0x00000007970a8000,0x0000000797300000)
  to   space 3072K, 0% used [0x0000000796d00000,0x0000000796d00000,0x0000000797000000)
 ParOldGen       total 87552K, used 3511K [0x0000000740000000, 0x0000000745580000, 0x0000000795580000)
  object space 87552K, 4% used [0x0000000740000000,0x000000074036ddb8,0x0000000745580000)
 Metaspace       used 8812K, capacity 8961K, committed 9216K, reserved 1056768K
  class space    used 887K, capacity 919K, committed 1024K, reserved 1048576K
GC Heap History (10 events):
Event: 50.304 GC heap before
{Heap before GC invocations=22 (full 0):
 PSYoungGen      total 25088K, used 24800K [0x0000000795580000, 0x0000000797580000, 0x00000007c0000000)
  eden space 24576K, 100% used [0x0000000795580000,0x0000000796d80000,0x0000000796d80000)
  from space 512K, 43% used [0x0000000796e00000,0x0000000796e38000,0x0000000796e80000)
  to   space 4096K, 0% used [0x0000000797180000,0x0000000797180000,0x0000000797580000)
 ParOldGen       total 87552K, used 3503K [0x0000000740000000, 0x0000000745580000, 0x0000000795580000)
  object space 87552K, 4% used [0x0000000740000000,0x000000074036bdb8,0x0000000745580000)
 Metaspace       used 8803K, capacity 8961K, committed 9216K, reserved 1056768K
  class space    used 886K, capacity 919K, committed 1024K, reserved 1048576K
Event: 50.305 GC heap after
Heap after GC invocations=22 (full 0):
 PSYoungGen      total 27648K, used 192K [0x0000000795580000, 0x0000000797500000, 0x00000007c0000000)
  eden space 24064K, 0% used [0x0000000795580000,0x0000000795580000,0x0000000796d00000)
  from space 3584K, 5% used [0x0000000797180000,0x00000007971b0000,0x0000000797500000)
  to   space 4096K, 0% used [0x0000000796d00000,0x0000000796d00000,0x0000000797100000)
 ParOldGen       total 87552K, used 3503K [0x0000000740000000, 0x0000000745580000, 0x0000000795580000)
  object space 87552K, 4% used [0x0000000740000000,0x000000074036bdb8,0x0000000745580000)
 Metaspace       used 8803K, capacity 8961K, committed 9216K, reserved 1056768K
  class space    used 886K, capacity 919K, committed 1024K, reserved 1048576K
}
Event: 51.997 GC heap before
{Heap before GC invocations=23 (full 0):
 PSYoungGen      total 27648K, used 24256K [0x0000000795580000, 0x0000000797500000, 0x00000007c0000000)
  eden space 24064K, 100% used [0x0000000795580000,0x0000000796d00000,0x0000000796d00000)
  from space 3584K, 5% used [0x0000000797180000,0x00000007971b0000,0x0000000797500000)
  to   space 4096K, 0% used [0x0000000796d00000,0x0000000796d00000,0x0000000797100000)
 ParOldGen       total 87552K, used 3503K [0x0000000740000000, 0x0000000745580000, 0x0000000795580000)
  object space 87552K, 4% used [0x0000000740000000,0x000000074036bdb8,0x0000000745580000)
 Metaspace       used 8803K, capacity 8961K, committed 9216K, reserved 1056768K
  class space    used 886K, capacity 919K, committed 1024K, reserved 1048576K
Event: 51.998 GC heap after
Heap after GC invocations=23 (full 0):
 PSYoungGen      total 24576K, used 192K [0x0000000795580000, 0x0000000797400000, 0x00000007c0000000)
  eden space 24064K, 0% used [0x0000000795580000,0x0000000795580000,0x0000000796d00000)
  from space 512K, 37% used [0x0000000796d00000,0x0000000796d30000,0x0000000796d80000)
  to   space 3584K, 0% used [0x0000000797080000,0x0000000797080000,0x0000000797400000)
 ParOldGen       total 87552K, used 3503K [0x0000000740000000, 0x0000000745580000, 0x0000000795580000)
  object space 87552K, 4% used [0x0000000740000000,0x000000074036bdb8,0x0000000745580000)
 Metaspace       used 8803K, capacity 8961K, committed 9216K, reserved 1056768K
  class space    used 886K, capacity 919K, committed 1024K, reserved 1048576K
}
Event: 53.683 GC heap before
{Heap before GC invocations=24 (full 0):
 PSYoungGen      total 24576K, used 24256K [0x0000000795580000, 0x0000000797400000, 0x00000007c0000000)
  eden space 24064K, 100% used [0x0000000795580000,0x0000000796d00000,0x0000000796d00000)
  from space 512K, 37% used [0x0000000796d00000,0x0000000796d30000,0x0000000796d80000)
  to   space 3584K, 0% used [0x0000000797080000,0x0000000797080000,0x0000000797400000)
 ParOldGen       total 87552K, used 3503K [0x0000000740000000, 0x0000000745580000, 0x0000000795580000)
  object space 87552K, 4% used [0x0000000740000000,0x000000074036bdb8,0x0000000745580000)
 Metaspace       used 8804K, capacity 8961K, committed 9216K, reserved 1056768K
  class space    used 886K, capacity 919K, committed 1024K, reserved 1048576K
Event: 53.684 GC heap after
Heap after GC invocations=24 (full 0):
 PSYoungGen      total 27648K, used 192K [0x0000000795580000, 0x0000000797400000, 0x00000007c0000000)
  eden space 24064K, 0% used [0x0000000795580000,0x0000000795580000,0x0000000796d00000)
  from space 3584K, 5% used [0x0000000797080000,0x00000007970b0000,0x0000000797400000)
  to   space 3584K, 0% used [0x0000000796d00000,0x0000000796d00000,0x0000000797080000)
 ParOldGen       total 87552K, used 3503K [0x0000000740000000, 0x0000000745580000, 0x0000000795580000)
  object space 87552K, 4% used [0x0000000740000000,0x000000074036bdb8,0x0000000745580000)
 Metaspace       used 8804K, capacity 8961K, committed 9216K, reserved 1056768K
  class space    used 886K, capacity 919K, committed 1024K, reserved 1048576K
}
Event: 55.373 GC heap before
{Heap before GC invocations=25 (full 0):
 PSYoungGen      total 27648K, used 24256K [0x0000000795580000, 0x0000000797400000, 0x00000007c0000000)
  eden space 24064K, 100% used [0x0000000795580000,0x0000000796d00000,0x0000000796d00000)
  from space 3584K, 5% used [0x0000000797080000,0x00000007970b0000,0x0000000797400000)
  to   space 3584K, 0% used [0x0000000796d00000,0x0000000796d00000,0x0000000797080000)
 ParOldGen       total 87552K, used 3503K [0x0000000740000000, 0x0000000745580000, 0x0000000795580000)
  object space 87552K, 4% used [0x0000000740000000,0x000000074036bdb8,0x0000000745580000)
 Metaspace       used 8804K, capacity 8961K, committed 9216K, reserved 1056768K
  class space    used 886K, capacity 919K, committed 1024K, reserved 1048576K
Event: 55.374 GC heap after
Heap after GC invocations=25 (full 0):
 PSYoungGen      total 27648K, used 192K [0x0000000795580000, 0x0000000797400000, 0x00000007c0000000)
  eden space 24064K, 0% used [0x0000000795580000,0x0000000795580000,0x0000000796d00000)
  from space 3584K, 5% used [0x0000000796d00000,0x0000000796d30000,0x0000000797080000)
  to   space 3584K, 0% used [0x0000000797080000,0x0000000797080000,0x0000000797400000)
 ParOldGen       total 87552K, used 3503K [0x0000000740000000, 0x0000000745580000, 0x0000000795580000)
  object space 87552K, 4% used [0x0000000740000000,0x000000074036bdb8,0x0000000745580000)
 Metaspace       used 8804K, capacity 8961K, committed 9216K, reserved 1056768K
  class space    used 886K, capacity 919K, committed 1024K, reserved 1048576K
}
Event: 57.339 GC heap before
{Heap before GC invocations=26 (full 0):
 PSYoungGen      total 27648K, used 24256K [0x0000000795580000, 0x0000000797400000, 0x00000007c0000000)
  eden space 24064K, 100% used [0x0000000795580000,0x0000000796d00000,0x0000000796d00000)
  from space 3584K, 5% used [0x0000000796d00000,0x0000000796d30000,0x0000000797080000)
  to   space 3584K, 0% used [0x0000000797080000,0x0000000797080000,0x0000000797400000)
 ParOldGen       total 87552K, used 3503K [0x0000000740000000, 0x0000000745580000, 0x0000000795580000)
  object space 87552K, 4% used [0x0000000740000000,0x000000074036bdb8,0x0000000745580000)
 Metaspace       used 8806K, capacity 8961K, committed 9216K, reserved 1056768K
  class space    used 886K, capacity 919K, committed 1024K, reserved 1048576K
Event: 57.340 GC heap after
Heap after GC invocations=26 (full 0):
 PSYoungGen      total 26624K, used 160K [0x0000000795580000, 0x0000000797300000, 0x00000007c0000000)
  eden space 24064K, 0% used [0x0000000795580000,0x0000000795580000,0x0000000796d00000)
  from space 2560K, 6% used [0x0000000797080000,0x00000007970a8000,0x0000000797300000)
  to   space 3072K, 0% used [0x0000000796d00000,0x0000000796d00000,0x0000000797000000)
 ParOldGen       total 87552K, used 3511K [0x0000000740000000, 0x0000000745580000, 0x0000000795580000)
  object space 87552K, 4% used [0x0000000740000000,0x000000074036ddb8,0x0000000745580000)
 Metaspace       used 8806K, capacity 8961K, committed 9216K, reserved 1056768K
  class space    used 886K, capacity 919K, committed 1024K, reserved 1048576K
}

