# JRE version: Java(TM) SE Runtime Environment (8.0_20-b26) (build 1.8.0_20-b26)
# Java VM: Java HotSpot(TM) 64-Bit Server VM (25.20-b23 mixed mode bsd-amd64 compressed oops)
Heap:
 PSYoungGen      total 24064K, used 16232K [0x0000000795580000, 0x0000000797000000, 0x00000007c0000000)
  eden space 23040K, 67% used [0x0000000795580000,0x00000007964c2008,0x0000000796c00000)
  from space 1024K, 59% used [0x0000000796c00000,0x0000000796c98000,0x0000000796d00000)
  to   space 2048K, 0% used [0x0000000796e00000,0x0000000796e00000,0x0000000797000000)
 ParOldGen       total 87552K, used 31140K [0x0000000740000000, 0x0000000745580000, 0x0000000795580000)
  object space 87552K, 35% used [0x0000000740000000,0x0000000741e691b0,0x0000000745580000)
 Metaspace       used 9268K, capacity 9421K, committed 9472K, reserved 1058816K
  class space    used 917K, capacity 985K, committed 1024K, reserved 1048576K
GC Heap History (10 events):
Event: 66.753 GC heap before
{Heap before GC invocations=55 (full 0):
 PSYoungGen      total 25600K, used 23712K [0x0000000795580000, 0x0000000797080000, 0x00000007c0000000)
  eden space 23552K, 100% used [0x0000000795580000,0x0000000796c80000,0x0000000796c80000)
  from space 2048K, 7% used [0x0000000796e80000,0x0000000796ea8000,0x0000000797080000)
  to   space 2048K, 0% used [0x0000000796c80000,0x0000000796c80000,0x0000000796e80000)
 ParOldGen       total 87552K, used 28029K [0x0000000740000000, 0x0000000745580000, 0x0000000795580000)
  object space 87552K, 32% used [0x0000000740000000,0x0000000741b5f658,0x0000000745580000)
 Metaspace       used 9262K, capacity 9421K, committed 9472K, reserved 1058816K
  class space    used 917K, capacity 985K, committed 1024K, reserved 1048576K
Event: 66.755 GC heap after
Heap after GC invocations=55 (full 0):
 PSYoungGen      total 25600K, used 288K [0x0000000795580000, 0x0000000797080000, 0x00000007c0000000)
  eden space 23552K, 0% used [0x0000000795580000,0x0000000795580000,0x0000000796c80000)
  from space 2048K, 14% used [0x0000000796c80000,0x0000000796cc8000,0x0000000796e80000)
  to   space 2048K, 0% used [0x0000000796e80000,0x0000000796e80000,0x0000000797080000)
 ParOldGen       total 87552K, used 28093K [0x0000000740000000, 0x0000000745580000, 0x0000000795580000)
  object space 87552K, 32% used [0x0000000740000000,0x0000000741b6f658,0x0000000745580000)
 Metaspace       used 9262K, capacity 9421K, committed 9472K, reserved 1058816K
  class space    used 917K, capacity 985K, committed 1024K, reserved 1048576K
}
Event: 68.145 GC heap before
{Heap before GC invocations=56 (full 0):
 PSYoungGen      total 25600K, used 23840K [0x0000000795580000, 0x0000000797080000, 0x00000007c0000000)
  eden space 23552K, 100% used [0x0000000795580000,0x0000000796c80000,0x0000000796c80000)
  from space 2048K, 14% used [0x0000000796c80000,0x0000000796cc8000,0x0000000796e80000)
  to   space 2048K, 0% used [0x0000000796e80000,0x0000000796e80000,0x0000000797080000)
 ParOldGen       total 87552K, used 28093K [0x0000000740000000, 0x0000000745580000, 0x0000000795580000)
  object space 87552K, 32% used [0x0000000740000000,0x0000000741b6f658,0x0000000745580000)
 Metaspace       used 9262K, capacity 9421K, committed 9472K, reserved 1058816K
  class space    used 917K, capacity 985K, committed 1024K, reserved 1048576K
Event: 68.148 GC heap after
Heap after GC invocations=56 (full 0):
 PSYoungGen      total 25600K, used 576K [0x0000000795580000, 0x0000000797080000, 0x00000007c0000000)
  eden space 23552K, 0% used [0x0000000795580000,0x0000000795580000,0x0000000796c80000)
  from space 2048K, 28% used [0x0000000796e80000,0x0000000796f10000,0x0000000797080000)
  to   space 2048K, 0% used [0x0000000796c80000,0x0000000796c80000,0x0000000796e80000)
 ParOldGen       total 87552K, used 28221K [0x0000000740000000, 0x0000000745580000, 0x0000000795580000)
  object space 87552K, 32% used [0x0000000740000000,0x0000000741b8f658,0x0000000745580000)
 Metaspace       used 9262K, capacity 9421K, committed 9472K, reserved 1058816K
  class space    used 917K, capacity 985K, committed 1024K, reserved 1048576K
}
Event: 69.534 GC heap before
{Heap before GC invocations=57 (full 0):
 PSYoungGen      total 25600K, used 24128K [0x0000000795580000, 0x0000000797080000, 0x00000007c0000000)
  eden space 23552K, 100% used [0x0000000795580000,0x0000000796c80000,0x0000000796c80000)
  from space 2048K, 28% used [0x0000000796e80000,0x0000000796f10000,0x0000000797080000)
  to   space 2048K, 0% used [0x0000000796c80000,0x0000000796c80000,0x0000000796e80000)
 ParOldGen       total 87552K, used 28221K [0x0000000740000000, 0x0000000745580000, 0x0000000795580000)
  object space 87552K, 32% used [0x0000000740000000,0x0000000741b8f658,0x0000000745580000)
 Metaspace       used 9262K, capacity 9421K, committed 9472K, reserved 1058816K
  class space    used 917K, capacity 985K, committed 1024K, reserved 1048576K
Event: 69.537 GC heap after
Heap after GC invocations=57 (full 0):
 PSYoungGen      total 25600K, used 608K [0x0000000795580000, 0x0000000797080000, 0x00000007c0000000)
  eden space 23552K, 0% used [0x0000000795580000,0x0000000795580000,0x0000000796c80000)
  from space 2048K, 29% used [0x0000000796c80000,0x0000000796d18000,0x0000000796e80000)
  to   space 2048K, 0% used [0x0000000796e80000,0x0000000796e80000,0x0000000797080000)
 ParOldGen       total 87552K, used 28733K [0x0000000740000000, 0x0000000745580000, 0x0000000795580000)
  object space 87552K, 32% used [0x0000000740000000,0x0000000741c0f658,0x0000000745580000)
 Metaspace       used 9262K, capacity 9421K, committed 9472K, reserved 1058816K
  class space    used 917K, capacity 985K, committed 1024K, reserved 1048576K
}
Event: 70.855 GC heap before
{Heap before GC invocations=58 (full 0):
 PSYoungGen      total 25600K, used 24160K [0x0000000795580000, 0x0000000797080000, 0x00000007c0000000)
  eden space 23552K, 100% used [0x0000000795580000,0x0000000796c80000,0x0000000796c80000)
  from space 2048K, 29% used [0x0000000796c80000,0x0000000796d18000,0x0000000796e80000)
  to   space 2048K, 0% used [0x0000000796e80000,0x0000000796e80000,0x0000000797080000)
 ParOldGen       total 87552K, used 28733K [0x0000000740000000, 0x0000000745580000, 0x0000000795580000)
  object space 87552K, 32% used [0x0000000740000000,0x0000000741c0f658,0x0000000745580000)
 Metaspace       used 9262K, capacity 9421K, committed 9472K, reserved 1058816K
  class space    used 917K, capacity 985K, committed 1024K, reserved 1048576K
Event: 70.858 GC heap after
Heap after GC invocations=58 (full 0):
 PSYoungGen      total 25088K, used 2046K [0x0000000795580000, 0x0000000797180000, 0x00000007c0000000)
  eden space 23040K, 0% used [0x0000000795580000,0x0000000795580000,0x0000000796c00000)
  from space 2048K, 99% used [0x0000000796e80000,0x000000079707fb58,0x0000000797080000)
  to   space 2560K, 0% used [0x0000000796c00000,0x0000000796c00000,0x0000000796e80000)
 ParOldGen       total 87552K, used 29261K [0x0000000740000000, 0x0000000745580000, 0x0000000795580000)
  object space 87552K, 33% used [0x0000000740000000,0x0000000741c93658,0x0000000745580000)
 Metaspace       used 9262K, capacity 9421K, committed 9472K, reserved 1058816K
  class space    used 917K, capacity 985K, committed 1024K, reserved 1048576K
}
Event: 72.228 GC heap before
{Heap before GC invocations=59 (full 0):
 PSYoungGen      total 25088K, used 25086K [0x0000000795580000, 0x0000000797180000, 0x00000007c0000000)
  eden space 23040K, 100% used [0x0000000795580000,0x0000000796c00000,0x0000000796c00000)
  from space 2048K, 99% used [0x0000000796e80000,0x000000079707fb58,0x0000000797080000)
  to   space 2560K, 0% used [0x0000000796c00000,0x0000000796c00000,0x0000000796e80000)
 ParOldGen       total 87552K, used 29261K [0x0000000740000000, 0x0000000745580000, 0x0000000795580000)
  object space 87552K, 33% used [0x0000000740000000,0x0000000741c93658,0x0000000745580000)
 Metaspace       used 9262K, capacity 9421K, committed 9472K, reserved 1058816K
  class space    used 917K, capacity 985K, committed 1024K, reserved 1048576K
Event: 72.231 GC heap after
Heap after GC invocations=59 (full 0):
 PSYoungGen      total 24064K, used 608K [0x0000000795580000, 0x0000000797000000, 0x00000007c0000000)
  eden space 23040K, 0% used [0x0000000795580000,0x0000000795580000,0x0000000796c00000)
  from space 1024K, 59% used [0x0000000796c00000,0x0000000796c98000,0x0000000796d00000)
  to   space 2048K, 0% used [0x0000000796e00000,0x0000000796e00000,0x0000000797000000)
 ParOldGen       total 87552K, used 31140K [0x0000000740000000, 0x0000000745580000, 0x0000000795580000)
  object space 87552K, 35% used [0x0000000740000000,0x0000000741e691b0,0x0000000745580000)
 Metaspace       used 9262K, capacity 9421K, committed 9472K, reserved 1058816K
  class space    used 917K, capacity 985K, committed 1024K, reserved 1048576K
}

