# JRE version: Java(TM) SE Runtime Environment (8.0_20-b26) (build 1.8.0_20-b26)
# Java VM: Java HotSpot(TM) 64-Bit Server VM (25.20-b23 mixed mode bsd-amd64 compressed oops)
Heap:
 PSYoungGen      total 30208K, used 9551K [0x0000000795580000, 0x0000000797d80000, 0x00000007c0000000)
  eden space 29696K, 31% used [0x0000000795580000,0x0000000795ebbf10,0x0000000797280000)
  from space 512K, 18% used [0x0000000797300000,0x0000000797318000,0x0000000797380000)
  to   space 5632K, 0% used [0x0000000797800000,0x0000000797800000,0x0000000797d80000)
 ParOldGen       total 87552K, used 3382K [0x0000000740000000, 0x0000000745580000, 0x0000000795580000)
  object space 87552K, 3% used [0x0000000740000000,0x000000074034d928,0x0000000745580000)
 Metaspace       used 8770K, capacity 8897K, committed 9216K, reserved 1056768K
  class space    used 888K, capacity 919K, committed 1024K, reserved 1048576K
GC Heap History (10 events):
Event: 19.839 GC heap before
{Heap before GC invocations=7 (full 0):
 PSYoungGen      total 36352K, used 35520K [0x0000000795580000, 0x0000000797e00000, 0x00000007c0000000)
  eden space 32256K, 100% used [0x0000000795580000,0x0000000797500000,0x0000000797500000)
  from space 4096K, 79% used [0x0000000797a00000,0x0000000797d30020,0x0000000797e00000)
  to   space 4608K, 0% used [0x0000000797500000,0x0000000797500000,0x0000000797980000)
 ParOldGen       total 87552K, used 120K [0x0000000740000000, 0x0000000745580000, 0x0000000795580000)
  object space 87552K, 0% used [0x0000000740000000,0x000000074001e010,0x0000000745580000)
 Metaspace       used 8760K, capacity 8833K, committed 8960K, reserved 1056768K
  class space    used 887K, capacity 919K, committed 1024K, reserved 1048576K
Event: 19.844 GC heap after
Heap after GC invocations=7 (full 0):
 PSYoungGen      total 36352K, used 160K [0x0000000795580000, 0x0000000797e80000, 0x00000007c0000000)
  eden space 31744K, 0% used [0x0000000795580000,0x0000000795580000,0x0000000797480000)
  from space 4608K, 3% used [0x0000000797500000,0x0000000797528000,0x0000000797980000)
  to   space 5120K, 0% used [0x0000000797980000,0x0000000797980000,0x0000000797e80000)
 ParOldGen       total 87552K, used 3310K [0x0000000740000000, 0x0000000745580000, 0x0000000795580000)
  object space 87552K, 3% used [0x0000000740000000,0x000000074033b928,0x0000000745580000)
 Metaspace       used 8760K, capacity 8833K, committed 8960K, reserved 1056768K
  class space    used 887K, capacity 919K, committed 1024K, reserved 1048576K
}
Event: 22.669 GC heap before
{Heap before GC invocations=8 (full 0):
 PSYoungGen      total 36352K, used 31904K [0x0000000795580000, 0x0000000797e80000, 0x00000007c0000000)
  eden space 31744K, 100% used [0x0000000795580000,0x0000000797480000,0x0000000797480000)
  from space 4608K, 3% used [0x0000000797500000,0x0000000797528000,0x0000000797980000)
  to   space 5120K, 0% used [0x0000000797980000,0x0000000797980000,0x0000000797e80000)
 ParOldGen       total 87552K, used 3310K [0x0000000740000000, 0x0000000745580000, 0x0000000795580000)
  object space 87552K, 3% used [0x0000000740000000,0x000000074033b928,0x0000000745580000)
 Metaspace       used 8761K, capacity 8833K, committed 8960K, reserved 1056768K
  class space    used 887K, capacity 919K, committed 1024K, reserved 1048576K
Event: 22.670 GC heap after
Heap after GC invocations=8 (full 0):
 PSYoungGen      total 36352K, used 160K [0x0000000795580000, 0x0000000797f00000, 0x00000007c0000000)
  eden space 31232K, 0% used [0x0000000795580000,0x0000000795580000,0x0000000797400000)
  from space 5120K, 3% used [0x0000000797980000,0x00000007979a8000,0x0000000797e80000)
  to   space 5632K, 0% used [0x0000000797400000,0x0000000797400000,0x0000000797980000)
 ParOldGen       total 87552K, used 3326K [0x0000000740000000, 0x0000000745580000, 0x0000000795580000)
  object space 87552K, 3% used [0x0000000740000000,0x000000074033f928,0x0000000745580000)
 Metaspace       used 8761K, capacity 8833K, committed 8960K, reserved 1056768K
  class space    used 887K, capacity 919K, committed 1024K, reserved 1048576K
}
Event: 25.386 GC heap before
{Heap before GC invocations=9 (full 0):
 PSYoungGen      total 36352K, used 31392K [0x0000000795580000, 0x0000000797f00000, 0x00000007c0000000)
  eden space 31232K, 100% used [0x0000000795580000,0x0000000797400000,0x0000000797400000)
  from space 5120K, 3% used [0x0000000797980000,0x00000007979a8000,0x0000000797e80000)
  to   space 5632K, 0% used [0x0000000797400000,0x0000000797400000,0x0000000797980000)
 ParOldGen       total 87552K, used 3326K [0x0000000740000000, 0x0000000745580000, 0x0000000795580000)
  object space 87552K, 3% used [0x0000000740000000,0x000000074033f928,0x0000000745580000)
 Metaspace       used 8761K, capacity 8833K, committed 8960K, reserved 1056768K
  class space    used 887K, capacity 919K, committed 1024K, reserved 1048576K
Event: 25.387 GC heap after
Heap after GC invocations=9 (full 0):
 PSYoungGen      total 31232K, used 128K [0x0000000795580000, 0x0000000797e80000, 0x00000007c0000000)
  eden space 30720K, 0% used [0x0000000795580000,0x0000000795580000,0x0000000797380000)
  from space 512K, 25% used [0x0000000797400000,0x0000000797420000,0x0000000797480000)
  to   space 5632K, 0% used [0x0000000797900000,0x0000000797900000,0x0000000797e80000)
 ParOldGen       total 87552K, used 3342K [0x0000000740000000, 0x0000000745580000, 0x0000000795580000)
  object space 87552K, 3% used [0x0000000740000000,0x0000000740343928,0x0000000745580000)
 Metaspace       used 8761K, capacity 8833K, committed 8960K, reserved 1056768K
  class space    used 887K, capacity 919K, committed 1024K, reserved 1048576K
}
Event: 28.297 GC heap before
{Heap before GC invocations=10 (full 0):
 PSYoungGen      total 31232K, used 30848K [0x0000000795580000, 0x0000000797e80000, 0x00000007c0000000)
  eden space 30720K, 100% used [0x0000000795580000,0x0000000797380000,0x0000000797380000)
  from space 512K, 25% used [0x0000000797400000,0x0000000797420000,0x0000000797480000)
  to   space 5632K, 0% used [0x0000000797900000,0x0000000797900000,0x0000000797e80000)
 ParOldGen       total 87552K, used 3342K [0x0000000740000000, 0x0000000745580000, 0x0000000795580000)
  object space 87552K, 3% used [0x0000000740000000,0x0000000740343928,0x0000000745580000)
 Metaspace       used 8762K, capacity 8833K, committed 8960K, reserved 1056768K
  class space    used 887K, capacity 919K, committed 1024K, reserved 1048576K
Event: 28.298 GC heap after
Heap after GC invocations=10 (full 0):
 PSYoungGen      total 35328K, used 128K [0x0000000795580000, 0x0000000797e00000, 0x00000007c0000000)
  eden space 30208K, 0% used [0x0000000795580000,0x0000000795580000,0x0000000797300000)
  from space 5120K, 2% used [0x0000000797900000,0x0000000797920000,0x0000000797e00000)
  to   space 5632K, 0% used [0x0000000797300000,0x0000000797300000,0x0000000797880000)
 ParOldGen       total 87552K, used 3366K [0x0000000740000000, 0x0000000745580000, 0x0000000795580000)
  object space 87552K, 3% used [0x0000000740000000,0x0000000740349928,0x0000000745580000)
 Metaspace       used 8762K, capacity 8833K, committed 8960K, reserved 1056768K
  class space    used 887K, capacity 919K, committed 1024K, reserved 1048576K
}
Event: 31.301 GC heap before
{Heap before GC invocations=11 (full 0):
 PSYoungGen      total 35328K, used 30336K [0x0000000795580000, 0x0000000797e00000, 0x00000007c0000000)
  eden space 30208K, 100% used [0x0000000795580000,0x0000000797300000,0x0000000797300000)
  from space 5120K, 2% used [0x0000000797900000,0x0000000797920000,0x0000000797e00000)
  to   space 5632K, 0% used [0x0000000797300000,0x0000000797300000,0x0000000797880000)
 ParOldGen       total 87552K, used 3366K [0x0000000740000000, 0x0000000745580000, 0x0000000795580000)
  object space 87552K, 3% used [0x0000000740000000,0x0000000740349928,0x0000000745580000)
 Metaspace       used 8763K, capacity 8833K, committed 8960K, reserved 1056768K
  class space    used 887K, capacity 919K, committed 1024K, reserved 1048576K
Event: 31.301 GC heap after
Heap after GC invocations=11 (full 0):
 PSYoungGen      total 30208K, used 96K [0x0000000795580000, 0x0000000797d80000, 0x00000007c0000000)
  eden space 29696K, 0% used [0x0000000795580000,0x0000000795580000,0x0000000797280000)
  from space 512K, 18% used [0x0000000797300000,0x0000000797318000,0x0000000797380000)
  to   space 5632K, 0% used [0x0000000797800000,0x0000000797800000,0x0000000797d80000)
 ParOldGen       total 87552K, used 3382K [0x0000000740000000, 0x0000000745580000, 0x0000000795580000)
  object space 87552K, 3% used [0x0000000740000000,0x000000074034d928,0x0000000745580000)
 Metaspace       used 8763K, capacity 8833K, committed 8960K, reserved 1056768K
  class space    used 887K, capacity 919K, committed 1024K, reserved 1048576K
}

