# JRE version: Java(TM) SE Runtime Environment (8.0_20-b26) (build 1.8.0_20-b26)
# Java VM: Java HotSpot(TM) 64-Bit Server VM (25.20-b23 mixed mode bsd-amd64 compressed oops)
Heap:
 PSYoungGen      total 36352K, used 29978K [0x0000000795580000, 0x0000000797e80000, 0x00000007c0000000)
  eden space 31744K, 93% used [0x0000000795580000,0x0000000797296890,0x0000000797480000)
  from space 4608K, 4% used [0x0000000797500000,0x0000000797530000,0x0000000797980000)
  to   space 5120K, 0% used [0x0000000797980000,0x0000000797980000,0x0000000797e80000)
 ParOldGen       total 87552K, used 3281K [0x0000000740000000, 0x0000000745580000, 0x0000000795580000)
  object space 87552K, 3% used [0x0000000740000000,0x0000000740334400,0x0000000745580000)
 Metaspace       used 8791K, capacity 8897K, committed 9216K, reserved 1056768K
  class space    used 888K, capacity 919K, committed 1024K, reserved 1048576K
GC Heap History (10 events):
Event: 8.440 GC heap before
{Heap before GC invocations=3 (full 0):
 PSYoungGen      total 38400K, used 36614K [0x0000000795580000, 0x0000000798000000, 0x00000007c0000000)
  eden space 33280K, 100% used [0x0000000795580000,0x0000000797600000,0x0000000797600000)
  from space 5120K, 65% used [0x0000000797b00000,0x0000000797e41868,0x0000000798000000)
  to   space 5120K, 0% used [0x0000000797600000,0x0000000797600000,0x0000000797b00000)
 ParOldGen       total 87552K, used 88K [0x0000000740000000, 0x0000000745580000, 0x0000000795580000)
  object space 87552K, 0% used [0x0000000740000000,0x0000000740016010,0x0000000745580000)
 Metaspace       used 8765K, capacity 8833K, committed 8960K, reserved 1056768K
  class space    used 887K, capacity 919K, committed 1024K, reserved 1048576K
Event: 8.444 GC heap after
Heap after GC invocations=3 (full 0):
 PSYoungGen      total 38400K, used 3318K [0x0000000795580000, 0x0000000798000000, 0x00000007c0000000)
  eden space 33280K, 0% used [0x0000000795580000,0x0000000795580000,0x0000000797600000)
  from space 5120K, 64% used [0x0000000797600000,0x000000079793d878,0x0000000797b00000)
  to   space 5120K, 0% used [0x0000000797b00000,0x0000000797b00000,0x0000000798000000)
 ParOldGen       total 87552K, used 96K [0x0000000740000000, 0x0000000745580000, 0x0000000795580000)
  object space 87552K, 0% used [0x0000000740000000,0x0000000740018010,0x0000000745580000)
 Metaspace       used 8765K, capacity 8833K, committed 8960K, reserved 1056768K
  class space    used 887K, capacity 919K, committed 1024K, reserved 1048576K
}
Event: 11.509 GC heap before
{Heap before GC invocations=4 (full 0):
 PSYoungGen      total 38400K, used 36598K [0x0000000795580000, 0x0000000798000000, 0x00000007c0000000)
  eden space 33280K, 100% used [0x0000000795580000,0x0000000797600000,0x0000000797600000)
  from space 5120K, 64% used [0x0000000797600000,0x000000079793d878,0x0000000797b00000)
  to   space 5120K, 0% used [0x0000000797b00000,0x0000000797b00000,0x0000000798000000)
 ParOldGen       total 87552K, used 96K [0x0000000740000000, 0x0000000745580000, 0x0000000795580000)
  object space 87552K, 0% used [0x0000000740000000,0x0000000740018010,0x0000000745580000)
 Metaspace       used 8782K, capacity 8897K, committed 9216K, reserved 1056768K
  class space    used 887K, capacity 919K, committed 1024K, reserved 1048576K
Event: 11.512 GC heap after
Heap after GC invocations=4 (full 0):
 PSYoungGen      total 38400K, used 3304K [0x0000000795580000, 0x0000000798000000, 0x00000007c0000000)
  eden space 33280K, 0% used [0x0000000795580000,0x0000000795580000,0x0000000797600000)
  from space 5120K, 64% used [0x0000000797b00000,0x0000000797e3a168,0x0000000798000000)
  to   space 5120K, 0% used [0x0000000797600000,0x0000000797600000,0x0000000797b00000)
 ParOldGen       total 87552K, used 104K [0x0000000740000000, 0x0000000745580000, 0x0000000795580000)
  object space 87552K, 0% used [0x0000000740000000,0x000000074001a010,0x0000000745580000)
 Metaspace       used 8782K, capacity 8897K, committed 9216K, reserved 1056768K
  class space    used 887K, capacity 919K, committed 1024K, reserved 1048576K
}
Event: 14.610 GC heap before
{Heap before GC invocations=5 (full 0):
 PSYoungGen      total 38400K, used 36584K [0x0000000795580000, 0x0000000798000000, 0x00000007c0000000)
  eden space 33280K, 100% used [0x0000000795580000,0x0000000797600000,0x0000000797600000)
  from space 5120K, 64% used [0x0000000797b00000,0x0000000797e3a168,0x0000000798000000)
  to   space 5120K, 0% used [0x0000000797600000,0x0000000797600000,0x0000000797b00000)
 ParOldGen       total 87552K, used 104K [0x0000000740000000, 0x0000000745580000, 0x0000000795580000)
  object space 87552K, 0% used [0x0000000740000000,0x000000074001a010,0x0000000745580000)
 Metaspace       used 8782K, capacity 8897K, committed 9216K, reserved 1056768K
  class space    used 887K, capacity 919K, committed 1024K, reserved 1048576K
Event: 14.613 GC heap after
Heap after GC invocations=5 (full 0):
 PSYoungGen      total 36352K, used 3304K [0x0000000795580000, 0x0000000797e80000, 0x00000007c0000000)
  eden space 32768K, 0% used [0x0000000795580000,0x0000000795580000,0x0000000797580000)
  from space 3584K, 92% used [0x0000000797600000,0x000000079793a168,0x0000000797980000)
  to   space 4608K, 0% used [0x0000000797a00000,0x0000000797a00000,0x0000000797e80000)
 ParOldGen       total 87552K, used 104K [0x0000000740000000, 0x0000000745580000, 0x0000000795580000)
  object space 87552K, 0% used [0x0000000740000000,0x000000074001a010,0x0000000745580000)
 Metaspace       used 8782K, capacity 8897K, committed 9216K, reserved 1056768K
  class space    used 887K, capacity 919K, committed 1024K, reserved 1048576K
}
Event: 17.646 GC heap before
{Heap before GC invocations=6 (full 0):
 PSYoungGen      total 36352K, used 36072K [0x0000000795580000, 0x0000000797e80000, 0x00000007c0000000)
  eden space 32768K, 100% used [0x0000000795580000,0x0000000797580000,0x0000000797580000)
  from space 3584K, 92% used [0x0000000797600000,0x000000079793a168,0x0000000797980000)
  to   space 4608K, 0% used [0x0000000797a00000,0x0000000797a00000,0x0000000797e80000)
 ParOldGen       total 87552K, used 104K [0x0000000740000000, 0x0000000745580000, 0x0000000795580000)
  object space 87552K, 0% used [0x0000000740000000,0x000000074001a010,0x0000000745580000)
 Metaspace       used 8783K, capacity 8897K, committed 9216K, reserved 1056768K
  class space    used 887K, capacity 919K, committed 1024K, reserved 1048576K
Event: 17.649 GC heap after
Heap after GC invocations=6 (full 0):
 PSYoungGen      total 36352K, used 3288K [0x0000000795580000, 0x0000000797e00000, 0x00000007c0000000)
  eden space 32256K, 0% used [0x0000000795580000,0x0000000795580000,0x0000000797500000)
  from space 4096K, 80% used [0x0000000797a00000,0x0000000797d36158,0x0000000797e00000)
  to   space 4608K, 0% used [0x0000000797500000,0x0000000797500000,0x0000000797980000)
 ParOldGen       total 87552K, used 112K [0x0000000740000000, 0x0000000745580000, 0x0000000795580000)
  object space 87552K, 0% used [0x0000000740000000,0x000000074001c010,0x0000000745580000)
 Metaspace       used 8783K, capacity 8897K, committed 9216K, reserved 1056768K
  class space    used 887K, capacity 919K, committed 1024K, reserved 1048576K
}
Event: 20.676 GC heap before
{Heap before GC invocations=7 (full 0):
 PSYoungGen      total 36352K, used 35544K [0x0000000795580000, 0x0000000797e00000, 0x00000007c0000000)
  eden space 32256K, 100% used [0x0000000795580000,0x0000000797500000,0x0000000797500000)
  from space 4096K, 80% used [0x0000000797a00000,0x0000000797d36158,0x0000000797e00000)
  to   space 4608K, 0% used [0x0000000797500000,0x0000000797500000,0x0000000797980000)
 ParOldGen       total 87552K, used 112K [0x0000000740000000, 0x0000000745580000, 0x0000000795580000)
  object space 87552K, 0% used [0x0000000740000000,0x000000074001c010,0x0000000745580000)
 Metaspace       used 8784K, capacity 8897K, committed 9216K, reserved 1056768K
  class space    used 887K, capacity 919K, committed 1024K, reserved 1048576K
Event: 20.681 GC heap after
Heap after GC invocations=7 (full 0):
 PSYoungGen      total 36352K, used 192K [0x0000000795580000, 0x0000000797e80000, 0x00000007c0000000)
  eden space 31744K, 0% used [0x0000000795580000,0x0000000795580000,0x0000000797480000)
  from space 4608K, 4% used [0x0000000797500000,0x0000000797530000,0x0000000797980000)
  to   space 5120K, 0% used [0x0000000797980000,0x0000000797980000,0x0000000797e80000)
 ParOldGen       total 87552K, used 3281K [0x0000000740000000, 0x0000000745580000, 0x0000000795580000)
  object space 87552K, 3% used [0x0000000740000000,0x0000000740334400,0x0000000745580000)
 Metaspace       used 8784K, capacity 8897K, committed 9216K, reserved 1056768K
  class space    used 887K, capacity 919K, committed 1024K, reserved 1048576K
}

